Sophie's playing.
Sophie's not a student yet.
The school opens.
-> KSchool::OnObjectEntering()...
-> AStudent::OnAspectAttaching()...
-> CChild::OnAspectAttaching()...
-> KSchool::OnObjectEntered()...
Sophie's studying.
Sophie's student ID is 101
-> KSchool::OnObjectEntering()...
-> AStudent::OnAspectAttaching()...
-> CChild::OnAspectAttaching()...
-> KSchool::OnObjectEntered()...
Laura's playing.
Laura's studying.
Laura's student ID is 102
-> KSchool::OnObjectLeaving()...
-> CChild::OnAspectDetaching()...
-> AStudent::OnAspectDetaching()...
-> KSchool::OnObjectLeft()...
Sophie's not a student anymore.
-> CChild::OnAspectDetaching()...
-> AStudent::OnAspectDetaching()...
